WCCILevent   (0), 2019.04.18 20:07:51.698, SYS,  INFO,        1, Manager Start, PROJ, HitOnlyBoilerStation, V 3.15 - 3.15   platform Windows AMD64 linked at Jan 31 2019 19:30:43 (3914f9beaa1)
WCCILevent   (0), 2019.04.18 20:07:51.711, SYS,  INFO,      108, License information, Host information
Hostname:   DESKTOP-GKD9RUL
HW-code:    43668070549
HW-version: 31500002

WCCILevent   (0), 2019.04.18 20:07:51.713, SYS,  SEVERE,    105, Invalid license, DESKTOP-GKD9RUL: No license found
WCCILevent   (0), 2019.04.18 20:07:51.716, SYS,  INFO,      108, License information, Using license file C:\Siemens\Automation\WinCC_OA\3.15\shield

WCCILevent   (0), 2019.04.18 20:07:51.749, SYS,  INFO,        3, Trying to connect to (SYS: 0 Data -num 0 CONN: 1) @ localhost:4897
WCCILevent   (0), 2019.04.18 20:07:51.755, SYS,  INFO,        4, Connected to (SYS: 0 Data -num 0 CONN: 1) @ DESKTOP-GKD9RUL (::1)
WCCILevent   (0), 2019.04.18 20:07:51.762, PARAM,SEVERE,     71, DP does not exist, _Connections.Event.ManNums:_original.._value
WCCILevent   (0), 2019.04.18 20:07:51.762, PARAM,SEVERE,     71, DP does not exist, _Connections.Event.StartTimes:_original.._value
WCCILevent   (0), 2019.04.18 20:07:51.763, PARAM,SEVERE,     71, DP does not exist, _Connections.Event.HostNames:_original.._value
WCCILevent   (0), 2019.04.18 20:07:51.763, PARAM,SEVERE,     71, DP does not exist, _Connections.Driver.ManNums:_original.._value
WCCILevent   (0), 2019.04.18 20:07:51.763, PARAM,SEVERE,     71, DP does not exist, _Connections.Driver.StartTimes:_original.._value
WCCILevent   (0), 2019.04.18 20:07:51.763, PARAM,SEVERE,     71, DP does not exist, _Connections.Driver.HostNames:_original.._value
WCCILevent   (0), 2019.04.18 20:07:51.763, PARAM,SEVERE,     71, DP does not exist, _Connections.Data.ManNums:_original.._value
WCCILevent   (0), 2019.04.18 20:07:51.763, PARAM,SEVERE,     71, DP does not exist, _Connections.Data.StartTimes:_original.._value
WCCILevent   (0), 2019.04.18 20:07:51.763, PARAM,SEVERE,     71, DP does not exist, _Connections.Data.HostNames:_original.._value
WCCILevent   (0), 2019.04.18 20:07:51.763, PARAM,SEVERE,     71, DP does not exist, _Connections.Ui.ManNums:_original.._value
WCCILevent   (0), 2019.04.18 20:07:51.763, PARAM,SEVERE,     71, DP does not exist, _Connections.Ui.StartTimes:_original.._value
WCCILevent   (0), 2019.04.18 20:07:51.763, PARAM,SEVERE,     71, DP does not exist, _Connections.Ui.HostNames:_original.._value
WCCILevent   (0), 2019.04.18 20:07:51.763, PARAM,SEVERE,     71, DP does not exist, _Connections.Ctrl.ManNums:_original.._value
WCCILevent   (0), 2019.04.18 20:07:51.763, PARAM,SEVERE,     71, DP does not exist, _Connections.Ctrl.StartTimes:_original.._value
WCCILevent   (0), 2019.04.18 20:07:51.763, PARAM,SEVERE,     71, DP does not exist, _Connections.Ctrl.HostNames:_original.._value
WCCILevent   (0), 2019.04.18 20:07:51.763, PARAM,SEVERE,     71, DP does not exist, _Connections.Ascii.ManNums:_original.._value
WCCILevent   (0), 2019.04.18 20:07:51.763, PARAM,SEVERE,     71, DP does not exist, _Connections.Ascii.StartTimes:_original.._value
WCCILevent   (0), 2019.04.18 20:07:51.763, PARAM,SEVERE,     71, DP does not exist, _Connections.Ascii.HostNames:_original.._value
WCCILevent   (0), 2019.04.18 20:07:51.763, PARAM,SEVERE,     71, DP does not exist, _Connections.Api.ManNums:_original.._value
WCCILevent   (0), 2019.04.18 20:07:51.763, PARAM,SEVERE,     71, DP does not exist, _Connections.Api.StartTimes:_original.._value
WCCILevent   (0), 2019.04.18 20:07:51.763, PARAM,SEVERE,     71, DP does not exist, _Connections.Api.HostNames:_original.._value
WCCILevent   (0), 2019.04.18 20:07:51.763, PARAM,SEVERE,     71, DP does not exist, _Connections.Device.ManNums:_original.._value
WCCILevent   (0), 2019.04.18 20:07:51.763, PARAM,SEVERE,     71, DP does not exist, _Connections.Device.StartTimes:_original.._value
WCCILevent   (0), 2019.04.18 20:07:51.763, PARAM,SEVERE,     71, DP does not exist, _Connections.Device.HostNames:_original.._value
WCCILevent   (0), 2019.04.18 20:07:51.764, PARAM,SEVERE,     71, DP does not exist, _Connections.Redu.ManNums:_original.._value
WCCILevent   (0), 2019.04.18 20:07:51.764, PARAM,SEVERE,     71, DP does not exist, _Connections.Redu.StartTimes:_original.._value
WCCILevent   (0), 2019.04.18 20:07:51.764, PARAM,SEVERE,     71, DP does not exist, _Connections.Redu.HostNames:_original.._value
WCCILevent   (0), 2019.04.18 20:07:51.764, PARAM,SEVERE,     71, DP does not exist, _Connections.Report.ManNums:_original.._value
WCCILevent   (0), 2019.04.18 20:07:51.764, PARAM,SEVERE,     71, DP does not exist, _Connections.Report.StartTimes:_original.._value
WCCILevent   (0), 2019.04.18 20:07:51.764, PARAM,SEVERE,     71, DP does not exist, _Connections.Report.HostNames:_original.._value
WCCILevent   (0), 2019.04.18 20:07:51.764, PARAM,SEVERE,     71, DP does not exist, _Connections.Dde.ManNums:_original.._value
WCCILevent   (0), 2019.04.18 20:07:51.764, PARAM,SEVERE,     71, DP does not exist, _Connections.Dde.StartTimes:_original.._value
WCCILevent   (0), 2019.04.18 20:07:51.764, PARAM,SEVERE,     71, DP does not exist, _Connections.Dde.HostNames:_original.._value
WCCILevent   (0), 2019.04.18 20:07:51.764, PARAM,SEVERE,     71, DP does not exist, _Connections.Dist.ManNums:_original.._value
WCCILevent   (0), 2019.04.18 20:07:51.764, PARAM,SEVERE,     71, DP does not exist, _Connections.Dist.StartTimes:_original.._value
WCCILevent   (0), 2019.04.18 20:07:51.764, PARAM,SEVERE,     71, DP does not exist, _Connections.Dist.HostNames:_original.._value
WCCILevent   (0), 2019.04.18 20:07:51.765, SYS,  SEVERE,    105, Invalid license, DESKTOP-GKD9RUL: No license found
WCCILevent   (0), 2019.04.18 20:07:51.767, SYS,  INFO,        6, Initialization by Data Manager finished
WCCILevent   (0), 2019.04.18 20:07:51.767, SYS,  INFO,      169, Initialize 0 dp-functions
WCCILevent   (0), 2019.04.18 20:07:51.767, SYS,  INFO,      168, Initialize 0 alerts
WCCILevent   (0), 2019.04.18 20:07:51.767, PARAM,WARNING,     7, Datapoint does not exist, EvFixedLicenses, EvFixedLicenses, _Event.License.FixedShield
WCCILevent   (0), 2019.04.18 20:07:51.767, PARAM,WARNING,     7, Datapoint does not exist, UserTable, UserTable, _Users.UserId
WCCILevent   (0), 2019.04.18 20:07:51.767, PARAM,WARNING,     7, Datapoint does not exist, ManagerTable, ManagerTable, _Managers.Auth.ManType
WCCILevent   (0), 2019.04.18 20:07:51.767, PARAM,WARNING,     7, Datapoint does not exist, EventManager, doDpConnect, _System.Auth.DpType:_original.._value
WCCILevent   (0), 2019.04.18 20:07:51.767, PARAM,WARNING,     7, Datapoint does not exist, EventManager, doDpConnect, _System.Auth.Dp:_original.._value
WCCILevent   (0), 2019.04.18 20:07:51.767, PARAM,WARNING,     7, Datapoint does not exist, EventManager, doDpConnect, _System.Auth.DpAuth:_original.._value
WCCILevent   (0), 2019.04.18 20:07:51.767, PARAM,WARNING,     7, Datapoint does not exist, EventManager, doDpConnect, _System.Auth.DpAlias:_original.._value
WCCILevent   (0), 2019.04.18 20:07:51.767, PARAM,WARNING,     7, Datapoint does not exist, EventManager, dpDpConnect, _Event.ReadLicense
WCCILevent   (0), 2019.04.18 20:07:51.767, PARAM,WARNING,     8, Element does not exist, EventManager, doDpConnect, _Managers.Exit
WCCILevent   (0), 2019.04.18 20:07:51.767, PARAM,WARNING,     8, Element does not exist, EventManager, doDpConnect, _Managers.Refresh
WCCILevent   (0), 2019.04.18 20:07:51.768, PARAM,WARNING,     7, Datapoint does not exist, EventManager, evMain, _Event.License.ExpirationCnt
WCCILevent   (0), 2019.04.18 20:07:51.768, PARAM,WARNING,     7, Datapoint does not exist, EventManager, evMain, _Event.License.RemainingTime
WCCILevent   (0), 2019.04.18 20:07:51.768, PARAM,WARNING,     7, Datapoint does not exist, EventManager, evMain, _Event.License.alm.isRTILInvalid:_original.._value
WCCILevent   (0), 2019.04.18 20:07:51.768, PARAM,WARNING,     7, Datapoint does not exist, EventManager, evMain, _Event.License.alm.isPVSSInvalid:_original.._value
WCCILevent   (0), 2019.04.18 20:07:51.768, PARAM,WARNING,     7, Datapoint does not exist, EventManager, evMain, _Event.License.alm.shield:_original.._value
WCCILevent   (0), 2019.04.18 20:07:51.768, SYS,  SEVERE,    105, Invalid license, Eventmanager will shutdown after the demo period of 1800 seconds
WCCILevent   (0), 2019.04.18 20:07:52.005, SYS,  WARNING,   105, Invalid license, DESKTOP-GKD9RUL: No license found, Running as demo version, driver
WCCILevent   (0), 2019.04.18 20:07:52.006, SYS,  INFO,        4, Connected to (SYS: 1 Driver -num 1 CONN: 1) @ DESKTOP-GKD9RUL (::1)
WCCILevent   (0), 2019.04.18 20:07:52.008, PARAM,WARNING,     7, Datapoint does not exist, DP: :_original.._value, MAN: (SYS: 1 Driver -num 1 CONN: 1)
WCCILevent   (0), 2019.04.18 20:07:52.009, PARAM,WARNING,     7, Datapoint does not exist, DP: :_original.._value, MAN: (SYS: 1 Driver -num 1 CONN: 1)
WCCILevent   (0), 2019.04.18 20:07:52.009, PARAM,WARNING,     7, Datapoint does not exist, DP: :_original.._value, MAN: (SYS: 1 Driver -num 1 CONN: 1)
WCCILevent   (0), 2019.04.18 20:07:52.009, PARAM,WARNING,     7, Datapoint does not exist, DP: :_original.._value, MAN: (SYS: 1 Driver -num 1 CONN: 1)
WCCILevent   (0), 2019.04.18 20:07:52.242, SYS,  WARNING,   105, Invalid license, DESKTOP-GKD9RUL: No license found, Running as demo version, ascii
WCCILevent   (0), 2019.04.18 20:07:52.243, SYS,  INFO,        4, Connected to (SYS: 1 Ascii -num 1 CONN: 1) @ DESKTOP-GKD9RUL (::1)
WCCILevent   (0), 2019.04.18 20:07:52.511, SYS,  WARNING,    39, Connection lost, MAN: (SYS: 1 Ascii -num 1 CONN: 1), Connection reset by peer (10054)
WCCILevent   (0), 2019.04.18 20:07:52.617, SYS,  WARNING,   105, Invalid license, DESKTOP-GKD9RUL: No license found, Running as demo version, ascii
WCCILevent   (0), 2019.04.18 20:07:52.618, SYS,  INFO,        4, Connected to (SYS: 1 Ascii -num 1 CONN: 1) @ DESKTOP-GKD9RUL (::1)
WCCILevent   (0), 2019.04.18 20:07:52.661, SYS,  WARNING,    39, Connection lost, MAN: (SYS: 1 Ascii -num 1 CONN: 1), Connection reset by peer (10054)
WCCILevent   (0), 2019.04.18 20:07:52.766, SYS,  WARNING,   105, Invalid license, DESKTOP-GKD9RUL: No license found, Running as demo version, ascii
WCCILevent   (0), 2019.04.18 20:07:52.768, SYS,  INFO,        4, Connected to (SYS: 1 Ascii -num 1 CONN: 1) @ DESKTOP-GKD9RUL (::1)
WCCILevent   (0), 2019.04.18 20:07:53.084, SYS,  WARNING,    39, Connection lost, MAN: (SYS: 1 Ascii -num 1 CONN: 1), Connection reset by peer (10054)
WCCILevent   (0), 2019.04.18 20:07:53.191, SYS,  WARNING,   105, Invalid license, DESKTOP-GKD9RUL: No license found, Running as demo version, ascii
WCCILevent   (0), 2019.04.18 20:07:53.192, SYS,  INFO,        4, Connected to (SYS: 1 Ascii -num 1 CONN: 1) @ DESKTOP-GKD9RUL (::1)
WCCILevent   (0), 2019.04.18 20:07:53.206, SYS,  WARNING,    39, Connection lost, MAN: (SYS: 1 Ascii -num 1 CONN: 1), Connection reset by peer (10054)
WCCILevent   (0), 2019.04.18 20:07:53.324, SYS,  WARNING,   105, Invalid license, DESKTOP-GKD9RUL: No license found, Running as demo version, ascii
WCCILevent   (0), 2019.04.18 20:07:53.325, SYS,  INFO,        4, Connected to (SYS: 1 Ascii -num 1 CONN: 1) @ DESKTOP-GKD9RUL (::1)
WCCILevent   (0), 2019.04.18 20:07:53.333, SYS,  WARNING,    39, Connection lost, MAN: (SYS: 1 Ascii -num 1 CONN: 1), Connection reset by peer (10054)
WCCILevent   (0), 2019.04.18 20:07:53.455, SYS,  WARNING,   105, Invalid license, DESKTOP-GKD9RUL: No license found, Running as demo version, ascii
WCCILevent   (0), 2019.04.18 20:07:53.455, SYS,  INFO,        4, Connected to (SYS: 1 Ascii -num 1 CONN: 1) @ DESKTOP-GKD9RUL (::1)
WCCILevent   (0), 2019.04.18 20:07:53.479, SYS,  WARNING,    39, Connection lost, MAN: (SYS: 1 Ascii -num 1 CONN: 1), Connection reset by peer (10054)
WCCILevent   (0), 2019.04.18 20:07:53.576, SYS,  WARNING,   105, Invalid license, DESKTOP-GKD9RUL: No license found, Running as demo version, ascii
WCCILevent   (0), 2019.04.18 20:07:53.577, SYS,  INFO,        4, Connected to (SYS: 1 Ascii -num 1 CONN: 1) @ DESKTOP-GKD9RUL (::1)
WCCILevent   (0), 2019.04.18 20:07:57.131, SYS,  WARNING,    39, Connection lost, MAN: (SYS: 1 Ascii -num 1 CONN: 1), Connection reset by peer (10054)
WCCILevent   (0), 2019.04.18 20:07:57.237, SYS,  WARNING,   105, Invalid license, DESKTOP-GKD9RUL: No license found, Running as demo version, ascii
WCCILevent   (0), 2019.04.18 20:07:57.238, SYS,  INFO,        4, Connected to (SYS: 1 Ascii -num 1 CONN: 1) @ DESKTOP-GKD9RUL (::1)
WCCILevent   (0), 2019.04.18 20:07:57.253, SYS,  WARNING,    39, Connection lost, MAN: (SYS: 1 Ascii -num 1 CONN: 1), Connection reset by peer (10054)
WCCILevent   (0), 2019.04.18 20:07:57.358, SYS,  WARNING,   105, Invalid license, DESKTOP-GKD9RUL: No license found, Running as demo version, ascii
WCCILevent   (0), 2019.04.18 20:07:57.359, SYS,  INFO,        4, Connected to (SYS: 1 Ascii -num 1 CONN: 1) @ DESKTOP-GKD9RUL (::1)
WCCILevent   (0), 2019.04.18 20:07:57.455, SYS,  WARNING,    39, Connection lost, MAN: (SYS: 1 Ascii -num 1 CONN: 1), Connection reset by peer (10054)
WCCILevent   (0), 2019.04.18 20:07:57.555, SYS,  WARNING,   105, Invalid license, DESKTOP-GKD9RUL: No license found, Running as demo version, ascii
WCCILevent   (0), 2019.04.18 20:07:57.556, SYS,  INFO,        4, Connected to (SYS: 1 Ascii -num 1 CONN: 1) @ DESKTOP-GKD9RUL (::1)
WCCILevent   (0), 2019.04.18 20:07:57.565, SYS,  WARNING,    39, Connection lost, MAN: (SYS: 1 Ascii -num 1 CONN: 1), Connection reset by peer (10054)
WCCILevent   (0), 2019.04.18 20:07:57.671, SYS,  WARNING,   105, Invalid license, DESKTOP-GKD9RUL: No license found, Running as demo version, ascii
WCCILevent   (0), 2019.04.18 20:07:57.671, SYS,  INFO,        4, Connected to (SYS: 1 Ascii -num 1 CONN: 1) @ DESKTOP-GKD9RUL (::1)
WCCILevent   (0), 2019.04.18 20:07:57.680, SYS,  WARNING,    39, Connection lost, MAN: (SYS: 1 Ascii -num 1 CONN: 1), Connection reset by peer (10054)
WCCILevent   (0), 2019.04.18 20:07:57.914, SYS,  WARNING,   105, Invalid license, DESKTOP-GKD9RUL: No license found, Running as demo version, ascii
WCCILevent   (0), 2019.04.18 20:07:57.914, SYS,  INFO,        4, Connected to (SYS: 1 Ascii -num 1 CONN: 1) @ DESKTOP-GKD9RUL (::1)
WCCILevent   (0), 2019.04.18 20:07:57.924, SYS,  WARNING,    39, Connection lost, MAN: (SYS: 1 Ascii -num 1 CONN: 1), Connection reset by peer (10054)
WCCILevent   (0), 2019.04.18 20:07:59.955, SYS,  INFO,       39, Connection lost, MAN: (SYS: 1 Driver -num 1 CONN: 1), Connection closed
WCCILevent   (0), 2019.04.18 20:07:59.976, SYS,  INFO,        2, Manager Stop, received signal 15, exiting
WCCILevent   (0), 2019.04.18 20:08:00.056, SYS,  INFO,        2, Manager Stop, start cleanup
WCCILevent   (0), 2019.04.18 20:08:00.056, SYS,  INFO,      181, Closing connection to (SYS: 1 Data -num 0 CONN: 1)
WCCILevent   (0), 2019.04.18 20:08:00.056, SYS,  INFO,       39, Connection lost, MAN: (SYS: 1 Data -num 0 CONN: 1), Connection closed
WCCILevent   (0), 2019.04.18 20:08:00.065, SYS,  INFO,        2, Manager Stop
