WCCILsim     (1), 2019.04.18 20:07:51.992, SYS,  INFO,        1, Manager Start, PROJ, HitOnlyBoilerStation, V 3.15 - 3.15   platform Windows AMD64 linked at Jan 31 2019 19:30:43 (3914f9beaa1)
WCCILsim     (1), 2019.04.18 20:07:51.998, SYS,  INFO,        3, Trying to connect to (SYS: 0 Data -num 0 CONN: 1) @ localhost:4897
WCCILsim     (1), 2019.04.18 20:07:52.000, SYS,  INFO,        4, Connected to (SYS: 0 Data -num 0 CONN: 1) @ DESKTOP-GKD9RUL (::1)
WCCILsim     (1), 2019.04.18 20:07:52.001, PARAM,SEVERE,     71, DP does not exist, _Stat_Configs_driver_1._address:_original.._value
WCCILsim     (1), 2019.04.18 20:07:52.001, PARAM,SEVERE,     71, DP does not exist, _Stat_Configs_driver_1._cmd_conv:_original.._value
WCCILsim     (1), 2019.04.18 20:07:52.002, PARAM,SEVERE,     71, DP does not exist, _Stat_Configs_driver_1._msg_conv:_original.._value
WCCILsim     (1), 2019.04.18 20:07:52.002, PARAM,SEVERE,     71, DP does not exist, _Stat_Configs_driver_1._smooth:_original.._value
WCCILsim     (1), 2019.04.18 20:07:52.002, PARAM,SEVERE,     71, DP does not exist, _Stat_Configs_Refresh.SecsToRefresh:_original.._value
WCCILsim     (1), 2019.04.18 20:07:52.003, SYS,  INFO,        6, Initialization by Data Manager finished
WCCILsim     (1), 2019.04.18 20:07:52.004, SYS,  INFO,        3, Trying to connect to (SYS: 1 Event -num 0 CONN: 1) @ localhost:4998
WCCILsim     (1), 2019.04.18 20:07:52.005, SYS,  INFO,        4, Connected to (SYS: 1 Event -num 0 CONN: 1) @ DESKTOP-GKD9RUL (::1)
WCCILsim     (1), 2019.04.18 20:07:52.008, SYS,  SEVERE,    105, Invalid license, Driver will shutdown after the demo period of 1800 seconds
WCCILsim     (1), 2019.04.18 20:07:52.008, SYS,  INFO,      156, Driver initialization finished.
WCCILsim     (1), 2019.04.18 20:07:52.010, PARAM,WARNING,    54, Unexpected state, Cannot get DPID for _Driver1.AL.AClasses:_original.._value
WCCILsim     (1), 2019.04.18 20:07:52.010, PARAM,WARNING,    54, Unexpected state, Cannot get DPID for _Driver1.AL.AckDps:_original.._value
WCCILsim     (1), 2019.04.18 20:07:52.010, PARAM,WARNING,    54, Unexpected state, Cannot get DPID for _Driver1.AL.AckData:_original.._value
WCCILsim     (1), 2019.04.18 20:07:52.021, PARAM,WARNING,    90, DP attribute was connected twice, DP: (Type: 0 Sys: 1 Dp: 0 El: 0 : ..)
WCCILsim     (1), 2019.04.18 20:07:52.021, PARAM,WARNING,    54, Unexpected state, AlertDrvIntDp, dpReady, dpConnect failed to Ack DPs
WCCILsim     (1), 2019.04.18 20:07:57.927, SYS,  INFO,      170, Signal SIGTERM received - exiting ...
WCCILsim     (1), 2019.04.18 20:07:59.955, SYS,  INFO,      181, Closing connection to (SYS: 1 Data -num 0 CONN: 1)
WCCILsim     (1), 2019.04.18 20:07:59.955, SYS,  INFO,      181, Closing connection to (SYS: 1 Event -num 0 CONN: 1)
WCCILsim     (1), 2019.04.18 20:07:59.955, SYS,  INFO,       39, Connection lost, MAN: (SYS: 1 Data -num 0 CONN: 1), Connection closed
WCCILsim     (1), 2019.04.18 20:07:59.956, SYS,  INFO,       39, Connection lost, MAN: (SYS: 1 Event -num 0 CONN: 1), Connection closed
WCCILsim     (1), 2019.04.18 20:07:59.956, SYS,  INFO,        2, Manager Stop
